f:\oooooooood\codeanalyzerex\codeanalyzerex\codeanalyzerex\filesystem\x64\debug\vc140.pdb
f:\oooooooood\codeanalyzerex\codeanalyzerex\codeanalyzerex\filesystem\x64\debug\vc140.idb
f:\oooooooood\codeanalyzerex\codeanalyzerex\codeanalyzerex\filesystem\x64\debug\filesystem.obj
f:\ood projects\project 4\codeanalyzerex\codeanalyzerex\codeanalyzerex\filesystem\x64\debug\vc141.pdb
f:\ood projects\project 4\codeanalyzerex\codeanalyzerex\codeanalyzerex\filesystem\x64\debug\vc141.idb
f:\ood projects\project 4\codeanalyzerex\codeanalyzerex\codeanalyzerex\filesystem\x64\debug\filesystem.obj
f:\oooooooood\codeanalyzerex\codeanalyzerex\codeanalyzerex\x64\debug\filesystem.ilk
f:\oooooooood\codeanalyzerex\codeanalyzerex\codeanalyzerex\x64\debug\filesystem.exe
f:\oooooooood\codeanalyzerex\codeanalyzerex\codeanalyzerex\x64\debug\filesystem.pdb
f:\ood projects\project 4\codeanalyzerex\codeanalyzerex\codeanalyzerex\x64\debug\filesystem.ilk
f:\ood projects\project 4\codeanalyzerex\codeanalyzerex\codeanalyzerex\x64\debug\filesystem.exe
f:\ood projects\project 4\codeanalyzerex\codeanalyzerex\codeanalyzerex\x64\debug\lnk{128cad2e-8bf0-4c92-a315-9a81be2c54c4}.tmp
f:\ood projects\project 4\codeanalyzerex\codeanalyzerex\codeanalyzerex\x64\debug\filesystem.pdb
f:\ood projects\project 4\codeanalyzerex\codeanalyzerex\codeanalyzerex\filesystem\x64\debug\vc140.idb
f:\ood projects\project 4\codeanalyzerex\codeanalyzerex\codeanalyzerex\filesystem\x64\debug\vc140.pdb
f:\ood projects\project 4\codeanalyzerex\codeanalyzerex\codeanalyzerex\filesystem\x64\debug\filesystem.tlog\cl.command.1.tlog
f:\ood projects\project 4\codeanalyzerex\codeanalyzerex\codeanalyzerex\filesystem\x64\debug\filesystem.tlog\cl.read.1.tlog
f:\ood projects\project 4\codeanalyzerex\codeanalyzerex\codeanalyzerex\filesystem\x64\debug\filesystem.tlog\cl.write.1.tlog
f:\ood projects\project 4\codeanalyzerex\codeanalyzerex\codeanalyzerex\filesystem\x64\debug\filesystem.tlog\link.command.1.tlog
f:\ood projects\project 4\codeanalyzerex\codeanalyzerex\codeanalyzerex\filesystem\x64\debug\filesystem.tlog\link.delete.1.tlog
f:\ood projects\project 4\codeanalyzerex\codeanalyzerex\codeanalyzerex\filesystem\x64\debug\filesystem.tlog\link.read.1.tlog
f:\ood projects\project 4\codeanalyzerex\codeanalyzerex\codeanalyzerex\filesystem\x64\debug\filesystem.tlog\link.write.1.tlog
