f:\oooooooood\codeanalyzerex\codeanalyzerex\codeanalyzerex\filemgr\debug\vc140.pdb
f:\oooooooood\codeanalyzerex\codeanalyzerex\codeanalyzerex\filemgr\debug\vc140.idb
f:\oooooooood\codeanalyzerex\codeanalyzerex\codeanalyzerex\filemgr\debug\filesystem.obj
f:\oooooooood\codeanalyzerex\codeanalyzerex\codeanalyzerex\filemgr\debug\filemgr.obj
f:\ood projects\project 4\codeanalyzerex\codeanalyzerex\codeanalyzerex\filemgr\debug\vc141.pdb
f:\ood projects\project 4\codeanalyzerex\codeanalyzerex\codeanalyzerex\filemgr\debug\vc141.idb
f:\ood projects\project 4\codeanalyzerex\codeanalyzerex\codeanalyzerex\filemgr\debug\filesystem.obj
f:\ood projects\project 4\codeanalyzerex\codeanalyzerex\codeanalyzerex\filemgr\debug\filemgr.obj
f:\oooooooood\codeanalyzerex\codeanalyzerex\codeanalyzerex\debug\filemgr.ilk
f:\oooooooood\codeanalyzerex\codeanalyzerex\codeanalyzerex\debug\filemgr.exe
f:\oooooooood\codeanalyzerex\codeanalyzerex\codeanalyzerex\debug\filemgr.pdb
f:\ood projects\project 4\codeanalyzerex\codeanalyzerex\codeanalyzerex\debug\filemgr.ilk
f:\ood projects\project 4\codeanalyzerex\codeanalyzerex\codeanalyzerex\debug\filemgr.exe
f:\ood projects\project 4\codeanalyzerex\codeanalyzerex\codeanalyzerex\debug\lnk{53a0ffad-844d-4624-b591-636cfea7f10d}.tmp
f:\ood projects\project 4\codeanalyzerex\codeanalyzerex\codeanalyzerex\debug\filemgr.pdb
f:\ood projects\project 4\codeanalyzerex\codeanalyzerex\codeanalyzerex\filemgr\debug\vc140.idb
f:\ood projects\project 4\codeanalyzerex\codeanalyzerex\codeanalyzerex\filemgr\debug\vc140.pdb
f:\ood projects\project 4\codeanalyzerex\codeanalyzerex\codeanalyzerex\filemgr\debug\filemgr.tlog\cl.command.1.tlog
f:\ood projects\project 4\codeanalyzerex\codeanalyzerex\codeanalyzerex\filemgr\debug\filemgr.tlog\cl.read.1.tlog
f:\ood projects\project 4\codeanalyzerex\codeanalyzerex\codeanalyzerex\filemgr\debug\filemgr.tlog\cl.write.1.tlog
f:\ood projects\project 4\codeanalyzerex\codeanalyzerex\codeanalyzerex\filemgr\debug\filemgr.tlog\link.command.1.tlog
f:\ood projects\project 4\codeanalyzerex\codeanalyzerex\codeanalyzerex\filemgr\debug\filemgr.tlog\link.delete.1.tlog
f:\ood projects\project 4\codeanalyzerex\codeanalyzerex\codeanalyzerex\filemgr\debug\filemgr.tlog\link.read.1.tlog
f:\ood projects\project 4\codeanalyzerex\codeanalyzerex\codeanalyzerex\filemgr\debug\filemgr.tlog\link.write.1.tlog
