f:\oooooooood\codeanalyzerex\codeanalyzerex\codeanalyzerex\analyzer\x64\debug\codeanalyzer.pdb
f:\oooooooood\codeanalyzerex\codeanalyzerex\codeanalyzerex\analyzer\x64\debug\codeanalyzer.idb
f:\oooooooood\codeanalyzerex\codeanalyzerex\codeanalyzerex\analyzer\x64\debug\abstrsyntree.obj
f:\oooooooood\codeanalyzerex\codeanalyzerex\codeanalyzerex\analyzer\x64\debug\filemgr.obj
f:\oooooooood\codeanalyzerex\codeanalyzerex\codeanalyzerex\analyzer\x64\debug\filesystem.obj
f:\oooooooood\codeanalyzerex\codeanalyzerex\codeanalyzerex\analyzer\x64\debug\grammarhelpers.obj
f:\oooooooood\codeanalyzerex\codeanalyzerex\codeanalyzerex\analyzer\x64\debug\logger.obj
f:\oooooooood\codeanalyzerex\codeanalyzerex\codeanalyzerex\analyzer\x64\debug\actionsandrules.obj
f:\oooooooood\codeanalyzerex\codeanalyzerex\codeanalyzerex\analyzer\x64\debug\configureparser.obj
f:\oooooooood\codeanalyzerex\codeanalyzerex\codeanalyzerex\analyzer\x64\debug\parser.obj
f:\oooooooood\codeanalyzerex\codeanalyzerex\codeanalyzerex\analyzer\x64\debug\scopestack.obj
f:\oooooooood\codeanalyzerex\codeanalyzerex\codeanalyzerex\analyzer\x64\debug\semiexp.obj
f:\oooooooood\codeanalyzerex\codeanalyzerex\codeanalyzerex\analyzer\x64\debug\tokenizer.obj
f:\oooooooood\codeanalyzerex\codeanalyzerex\codeanalyzerex\analyzer\x64\debug\utilities.obj
f:\oooooooood\codeanalyzerex\codeanalyzerex\codeanalyzerex\analyzer\x64\debug\depanal.obj
f:\oooooooood\codeanalyzerex\codeanalyzerex\codeanalyzerex\analyzer\x64\debug\executive.obj
f:\ood projects\project 4\codeanalyzerex\codeanalyzerex\codeanalyzerex\analyzer\x64\debug\codeanalyzer.pdb
f:\ood projects\project 4\codeanalyzerex\codeanalyzerex\codeanalyzerex\analyzer\x64\debug\codeanalyzer.idb
f:\ood projects\project 4\codeanalyzerex\codeanalyzerex\codeanalyzerex\analyzer\x64\debug\abstrsyntree.obj
f:\ood projects\project 4\codeanalyzerex\codeanalyzerex\codeanalyzerex\analyzer\x64\debug\filemgr.obj
f:\ood projects\project 4\codeanalyzerex\codeanalyzerex\codeanalyzerex\analyzer\x64\debug\filesystem.obj
f:\ood projects\project 4\codeanalyzerex\codeanalyzerex\codeanalyzerex\analyzer\x64\debug\grammarhelpers.obj
f:\ood projects\project 4\codeanalyzerex\codeanalyzerex\codeanalyzerex\analyzer\x64\debug\logger.obj
f:\ood projects\project 4\codeanalyzerex\codeanalyzerex\codeanalyzerex\analyzer\x64\debug\actionsandrules.obj
f:\ood projects\project 4\codeanalyzerex\codeanalyzerex\codeanalyzerex\analyzer\x64\debug\configureparser.obj
f:\ood projects\project 4\codeanalyzerex\codeanalyzerex\codeanalyzerex\analyzer\x64\debug\parser.obj
f:\ood projects\project 4\codeanalyzerex\codeanalyzerex\codeanalyzerex\analyzer\x64\debug\scopestack.obj
f:\ood projects\project 4\codeanalyzerex\codeanalyzerex\codeanalyzerex\analyzer\x64\debug\semiexp.obj
f:\ood projects\project 4\codeanalyzerex\codeanalyzerex\codeanalyzerex\analyzer\x64\debug\tokenizer.obj
f:\ood projects\project 4\codeanalyzerex\codeanalyzerex\codeanalyzerex\analyzer\x64\debug\utilities.obj
f:\ood projects\project 4\codeanalyzerex\codeanalyzerex\codeanalyzerex\analyzer\x64\debug\depanal.obj
f:\ood projects\project 4\codeanalyzerex\codeanalyzerex\codeanalyzerex\analyzer\x64\debug\executive.obj
f:\oooooooood\codeanalyzerex\codeanalyzerex\codeanalyzerex\x64\debug\codeanalyzer.lib
f:\ood projects\project 4\codeanalyzerex\codeanalyzerex\codeanalyzerex\x64\debug\codeanalyzer.lib
f:\ood projects\project 4\codeanalyzerex\codeanalyzerex\codeanalyzerex\x64\debug\codeanalyzer.pdb
f:\ood projects\project 4\codeanalyzerex\codeanalyzerex\codeanalyzerex\analyzer\x64\debug\codeanalyzer.tlog\cl.command.1.tlog
f:\ood projects\project 4\codeanalyzerex\codeanalyzerex\codeanalyzerex\analyzer\x64\debug\codeanalyzer.tlog\cl.read.1.tlog
f:\ood projects\project 4\codeanalyzerex\codeanalyzerex\codeanalyzerex\analyzer\x64\debug\codeanalyzer.tlog\cl.write.1.tlog
f:\ood projects\project 4\codeanalyzerex\codeanalyzerex\codeanalyzerex\analyzer\x64\debug\codeanalyzer.tlog\lib-link.read.1.tlog
f:\ood projects\project 4\codeanalyzerex\codeanalyzerex\codeanalyzerex\analyzer\x64\debug\codeanalyzer.tlog\lib-link.write.1.tlog
f:\ood projects\project 4\codeanalyzerex\codeanalyzerex\codeanalyzerex\analyzer\x64\debug\codeanalyzer.tlog\lib.command.1.tlog
