f:\oooooooood\codeanalyzerex\codeanalyzerex\codeanalyzerex\abstractsyntaxtree\x64\debug\vc140.pdb
f:\oooooooood\codeanalyzerex\codeanalyzerex\codeanalyzerex\abstractsyntaxtree\x64\debug\vc140.idb
f:\oooooooood\codeanalyzerex\codeanalyzerex\codeanalyzerex\abstractsyntaxtree\x64\debug\logger.obj
f:\oooooooood\codeanalyzerex\codeanalyzerex\codeanalyzerex\abstractsyntaxtree\x64\debug\utilities.obj
f:\oooooooood\codeanalyzerex\codeanalyzerex\codeanalyzerex\abstractsyntaxtree\x64\debug\abstrsyntree.obj
f:\ood projects\project 4\codeanalyzerex\codeanalyzerex\codeanalyzerex\abstractsyntaxtree\x64\debug\vc141.pdb
f:\ood projects\project 4\codeanalyzerex\codeanalyzerex\codeanalyzerex\abstractsyntaxtree\x64\debug\vc141.idb
f:\ood projects\project 4\codeanalyzerex\codeanalyzerex\codeanalyzerex\abstractsyntaxtree\x64\debug\logger.obj
f:\ood projects\project 4\codeanalyzerex\codeanalyzerex\codeanalyzerex\abstractsyntaxtree\x64\debug\utilities.obj
f:\ood projects\project 4\codeanalyzerex\codeanalyzerex\codeanalyzerex\abstractsyntaxtree\x64\debug\abstrsyntree.obj
f:\oooooooood\codeanalyzerex\codeanalyzerex\codeanalyzerex\x64\debug\abstractsyntaxtree.ilk
f:\oooooooood\codeanalyzerex\codeanalyzerex\codeanalyzerex\x64\debug\abstractsyntaxtree.exe
f:\oooooooood\codeanalyzerex\codeanalyzerex\codeanalyzerex\x64\debug\abstractsyntaxtree.pdb
f:\ood projects\project 4\codeanalyzerex\codeanalyzerex\codeanalyzerex\x64\debug\abstractsyntaxtree.ilk
f:\ood projects\project 4\codeanalyzerex\codeanalyzerex\codeanalyzerex\x64\debug\abstractsyntaxtree.exe
f:\ood projects\project 4\codeanalyzerex\codeanalyzerex\codeanalyzerex\x64\debug\lnk{a52031b2-82ab-4af3-88d4-ea2b18fa8222}.tmp
f:\ood projects\project 4\codeanalyzerex\codeanalyzerex\codeanalyzerex\x64\debug\abstractsyntaxtree.pdb
f:\ood projects\project 4\codeanalyzerex\codeanalyzerex\codeanalyzerex\abstractsyntaxtree\x64\debug\vc140.idb
f:\ood projects\project 4\codeanalyzerex\codeanalyzerex\codeanalyzerex\abstractsyntaxtree\x64\debug\vc140.pdb
f:\ood projects\project 4\codeanalyzerex\codeanalyzerex\codeanalyzerex\abstractsyntaxtree\x64\debug\abstract.53c7c53b.tlog\cl.command.1.tlog
f:\ood projects\project 4\codeanalyzerex\codeanalyzerex\codeanalyzerex\abstractsyntaxtree\x64\debug\abstract.53c7c53b.tlog\cl.read.1.tlog
f:\ood projects\project 4\codeanalyzerex\codeanalyzerex\codeanalyzerex\abstractsyntaxtree\x64\debug\abstract.53c7c53b.tlog\cl.write.1.tlog
f:\ood projects\project 4\codeanalyzerex\codeanalyzerex\codeanalyzerex\abstractsyntaxtree\x64\debug\abstract.53c7c53b.tlog\link.command.1.tlog
f:\ood projects\project 4\codeanalyzerex\codeanalyzerex\codeanalyzerex\abstractsyntaxtree\x64\debug\abstract.53c7c53b.tlog\link.delete.1.tlog
f:\ood projects\project 4\codeanalyzerex\codeanalyzerex\codeanalyzerex\abstractsyntaxtree\x64\debug\abstract.53c7c53b.tlog\link.read.1.tlog
f:\ood projects\project 4\codeanalyzerex\codeanalyzerex\codeanalyzerex\abstractsyntaxtree\x64\debug\abstract.53c7c53b.tlog\link.write.1.tlog
