f:\oooooooood\codeanalyzerex\codeanalyzerex\codeanalyzerex\client\x64\debug\client.pdb
f:\oooooooood\codeanalyzerex\codeanalyzerex\codeanalyzerex\client\x64\debug\client.idb
f:\oooooooood\codeanalyzerex\codeanalyzerex\codeanalyzerex\client\x64\debug\cpp11-blockingqueue.obj
f:\oooooooood\codeanalyzerex\codeanalyzerex\codeanalyzerex\client\x64\debug\filesystem.obj
f:\oooooooood\codeanalyzerex\codeanalyzerex\codeanalyzerex\client\x64\debug\msgclient.obj
f:\oooooooood\codeanalyzerex\codeanalyzerex\codeanalyzerex\client\x64\debug\sockets.obj
f:\oooooooood\codeanalyzerex\codeanalyzerex\codeanalyzerex\client\x64\debug\windowshelpers.obj
f:\ood projects\project 4\codeanalyzerex\codeanalyzerex\codeanalyzerex\client\x64\debug\client.pdb
f:\ood projects\project 4\codeanalyzerex\codeanalyzerex\codeanalyzerex\client\x64\debug\client.idb
f:\ood projects\project 4\codeanalyzerex\codeanalyzerex\codeanalyzerex\client\x64\debug\cpp11-blockingqueue.obj
f:\ood projects\project 4\codeanalyzerex\codeanalyzerex\codeanalyzerex\client\x64\debug\filesystem.obj
f:\ood projects\project 4\codeanalyzerex\codeanalyzerex\codeanalyzerex\client\x64\debug\msgclient.obj
f:\ood projects\project 4\codeanalyzerex\codeanalyzerex\codeanalyzerex\client\x64\debug\sockets.obj
f:\ood projects\project 4\codeanalyzerex\codeanalyzerex\codeanalyzerex\client\x64\debug\windowshelpers.obj
f:\oooooooood\codeanalyzerex\codeanalyzerex\codeanalyzerex\x64\debug\client.lib
f:\ood projects\project 4\codeanalyzerex\codeanalyzerex\codeanalyzerex\x64\debug\client.lib
f:\ood projects\project 4\codeanalyzerex\codeanalyzerex\codeanalyzerex\x64\debug\client.pdb
f:\ood projects\project 4\codeanalyzerex\codeanalyzerex\codeanalyzerex\client\x64\debug\client.tlog\cl.command.1.tlog
f:\ood projects\project 4\codeanalyzerex\codeanalyzerex\codeanalyzerex\client\x64\debug\client.tlog\cl.read.1.tlog
f:\ood projects\project 4\codeanalyzerex\codeanalyzerex\codeanalyzerex\client\x64\debug\client.tlog\cl.write.1.tlog
f:\ood projects\project 4\codeanalyzerex\codeanalyzerex\codeanalyzerex\client\x64\debug\client.tlog\lib-link.read.1.tlog
f:\ood projects\project 4\codeanalyzerex\codeanalyzerex\codeanalyzerex\client\x64\debug\client.tlog\lib-link.write.1.tlog
f:\ood projects\project 4\codeanalyzerex\codeanalyzerex\codeanalyzerex\client\x64\debug\client.tlog\lib.command.1.tlog
