f:\oooooooood\codeanalyzerex\codeanalyzerex\codeanalyzerex\grammarhelpers\x64\debug\vc140.pdb
f:\oooooooood\codeanalyzerex\codeanalyzerex\codeanalyzerex\grammarhelpers\x64\debug\vc140.idb
f:\oooooooood\codeanalyzerex\codeanalyzerex\codeanalyzerex\grammarhelpers\x64\debug\logger.obj
f:\oooooooood\codeanalyzerex\codeanalyzerex\codeanalyzerex\grammarhelpers\x64\debug\semiexp.obj
f:\oooooooood\codeanalyzerex\codeanalyzerex\codeanalyzerex\grammarhelpers\x64\debug\tokenizer.obj
f:\oooooooood\codeanalyzerex\codeanalyzerex\codeanalyzerex\grammarhelpers\x64\debug\utilities.obj
f:\oooooooood\codeanalyzerex\codeanalyzerex\codeanalyzerex\grammarhelpers\x64\debug\grammarhelpers.obj
f:\ood projects\project 4\codeanalyzerex\codeanalyzerex\codeanalyzerex\grammarhelpers\x64\debug\vc141.pdb
f:\ood projects\project 4\codeanalyzerex\codeanalyzerex\codeanalyzerex\grammarhelpers\x64\debug\vc141.idb
f:\ood projects\project 4\codeanalyzerex\codeanalyzerex\codeanalyzerex\grammarhelpers\x64\debug\logger.obj
f:\ood projects\project 4\codeanalyzerex\codeanalyzerex\codeanalyzerex\grammarhelpers\x64\debug\semiexp.obj
f:\ood projects\project 4\codeanalyzerex\codeanalyzerex\codeanalyzerex\grammarhelpers\x64\debug\tokenizer.obj
f:\ood projects\project 4\codeanalyzerex\codeanalyzerex\codeanalyzerex\grammarhelpers\x64\debug\utilities.obj
f:\ood projects\project 4\codeanalyzerex\codeanalyzerex\codeanalyzerex\grammarhelpers\x64\debug\grammarhelpers.obj
f:\oooooooood\codeanalyzerex\codeanalyzerex\codeanalyzerex\x64\debug\grammarhelpers.ilk
f:\oooooooood\codeanalyzerex\codeanalyzerex\codeanalyzerex\x64\debug\grammarhelpers.exe
f:\oooooooood\codeanalyzerex\codeanalyzerex\codeanalyzerex\x64\debug\grammarhelpers.pdb
f:\ood projects\project 4\codeanalyzerex\codeanalyzerex\codeanalyzerex\x64\debug\grammarhelpers.ilk
f:\ood projects\project 4\codeanalyzerex\codeanalyzerex\codeanalyzerex\x64\debug\grammarhelpers.exe
f:\ood projects\project 4\codeanalyzerex\codeanalyzerex\codeanalyzerex\x64\debug\lnk{f6410f0e-fc67-4efe-9a1a-9e32abbb48a6}.tmp
f:\ood projects\project 4\codeanalyzerex\codeanalyzerex\codeanalyzerex\x64\debug\grammarhelpers.pdb
f:\ood projects\project 4\codeanalyzerex\codeanalyzerex\codeanalyzerex\grammarhelpers\x64\debug\vc140.idb
f:\ood projects\project 4\codeanalyzerex\codeanalyzerex\codeanalyzerex\grammarhelpers\x64\debug\vc140.pdb
f:\ood projects\project 4\codeanalyzerex\codeanalyzerex\codeanalyzerex\grammarhelpers\x64\debug\grammarhelpers.tlog\cl.command.1.tlog
f:\ood projects\project 4\codeanalyzerex\codeanalyzerex\codeanalyzerex\grammarhelpers\x64\debug\grammarhelpers.tlog\cl.read.1.tlog
f:\ood projects\project 4\codeanalyzerex\codeanalyzerex\codeanalyzerex\grammarhelpers\x64\debug\grammarhelpers.tlog\cl.write.1.tlog
f:\ood projects\project 4\codeanalyzerex\codeanalyzerex\codeanalyzerex\grammarhelpers\x64\debug\grammarhelpers.tlog\link.command.1.tlog
f:\ood projects\project 4\codeanalyzerex\codeanalyzerex\codeanalyzerex\grammarhelpers\x64\debug\grammarhelpers.tlog\link.delete.1.tlog
f:\ood projects\project 4\codeanalyzerex\codeanalyzerex\codeanalyzerex\grammarhelpers\x64\debug\grammarhelpers.tlog\link.read.1.tlog
f:\ood projects\project 4\codeanalyzerex\codeanalyzerex\codeanalyzerex\grammarhelpers\x64\debug\grammarhelpers.tlog\link.write.1.tlog
