f:\oooooooood\codeanalyzerex\codeanalyzerex\codeanalyzerex\server\x64\debug\vc140.pdb
f:\oooooooood\codeanalyzerex\codeanalyzerex\codeanalyzerex\server\x64\debug\vc140.idb
f:\oooooooood\codeanalyzerex\codeanalyzerex\codeanalyzerex\server\x64\debug\cpp11-blockingqueue.obj
f:\oooooooood\codeanalyzerex\codeanalyzerex\codeanalyzerex\server\x64\debug\filesystem.obj
f:\oooooooood\codeanalyzerex\codeanalyzerex\codeanalyzerex\server\x64\debug\msgserver.obj
f:\oooooooood\codeanalyzerex\codeanalyzerex\codeanalyzerex\server\x64\debug\sockets.obj
f:\oooooooood\codeanalyzerex\codeanalyzerex\codeanalyzerex\server\x64\debug\windowshelpers.obj
f:\ood projects\project 4\codeanalyzerex\codeanalyzerex\codeanalyzerex\server\x64\debug\vc141.pdb
f:\ood projects\project 4\codeanalyzerex\codeanalyzerex\codeanalyzerex\server\x64\debug\vc141.idb
f:\ood projects\project 4\codeanalyzerex\codeanalyzerex\codeanalyzerex\server\x64\debug\cpp11-blockingqueue.obj
f:\ood projects\project 4\codeanalyzerex\codeanalyzerex\codeanalyzerex\server\x64\debug\filesystem.obj
f:\ood projects\project 4\codeanalyzerex\codeanalyzerex\codeanalyzerex\server\x64\debug\msgserver.obj
f:\ood projects\project 4\codeanalyzerex\codeanalyzerex\codeanalyzerex\server\x64\debug\sockets.obj
f:\ood projects\project 4\codeanalyzerex\codeanalyzerex\codeanalyzerex\server\x64\debug\windowshelpers.obj
f:\oooooooood\codeanalyzerex\codeanalyzerex\codeanalyzerex\x64\debug\server.ilk
f:\oooooooood\codeanalyzerex\codeanalyzerex\codeanalyzerex\x64\debug\server.exe
f:\oooooooood\codeanalyzerex\codeanalyzerex\codeanalyzerex\x64\debug\server.pdb
f:\ood projects\project 4\codeanalyzerex\codeanalyzerex\codeanalyzerex\x64\debug\server.ilk
f:\ood projects\project 4\codeanalyzerex\codeanalyzerex\codeanalyzerex\x64\debug\server.exe
f:\ood projects\project 4\codeanalyzerex\codeanalyzerex\codeanalyzerex\x64\debug\lnk{fd454e59-7cb9-4ae8-a7c3-7b9c96aec645}.tmp
f:\ood projects\project 4\codeanalyzerex\codeanalyzerex\codeanalyzerex\x64\debug\server.pdb
f:\ood projects\project 4\codeanalyzerex\codeanalyzerex\codeanalyzerex\server\x64\debug\vc140.idb
f:\ood projects\project 4\codeanalyzerex\codeanalyzerex\codeanalyzerex\server\x64\debug\vc140.pdb
f:\ood projects\project 4\codeanalyzerex\codeanalyzerex\codeanalyzerex\server\x64\debug\server.tlog\cl.command.1.tlog
f:\ood projects\project 4\codeanalyzerex\codeanalyzerex\codeanalyzerex\server\x64\debug\server.tlog\cl.read.1.tlog
f:\ood projects\project 4\codeanalyzerex\codeanalyzerex\codeanalyzerex\server\x64\debug\server.tlog\cl.write.1.tlog
f:\ood projects\project 4\codeanalyzerex\codeanalyzerex\codeanalyzerex\server\x64\debug\server.tlog\link.command.1.tlog
f:\ood projects\project 4\codeanalyzerex\codeanalyzerex\codeanalyzerex\server\x64\debug\server.tlog\link.delete.1.tlog
f:\ood projects\project 4\codeanalyzerex\codeanalyzerex\codeanalyzerex\server\x64\debug\server.tlog\link.read.1.tlog
f:\ood projects\project 4\codeanalyzerex\codeanalyzerex\codeanalyzerex\server\x64\debug\server.tlog\link.write.1.tlog
