f:\oooooooood\codeanalyzerex\codeanalyzerex\codeanalyzerex\gui\x64\debug\vc140.pdb
f:\oooooooood\codeanalyzerex\codeanalyzerex\codeanalyzerex\gui\x64\debug\window.obj
f:\ood projects\project 4\codeanalyzerex\codeanalyzerex\codeanalyzerex\gui\x64\debug\vc141.pdb
f:\ood projects\project 4\codeanalyzerex\codeanalyzerex\codeanalyzerex\gui\x64\debug\window.obj
f:\ood projects\project 4\codeanalyzerex\codeanalyzerex\codeanalyzerex\gui\x64\debug\.netframework,version=v4.0.assemblyattributes.obj
f:\ood projects\project 4\codeanalyzerex\codeanalyzerex\codeanalyzerex\gui\x64\debug\.netframework,version=v4.0.assemblyattributes.asm
f:\oooooooood\codeanalyzerex\codeanalyzerex\codeanalyzerex\x64\debug\visualcodeanalyzer.exe
f:\oooooooood\codeanalyzerex\codeanalyzerex\codeanalyzerex\x64\debug\visualcodeanalyzer.pdb
f:\ood projects\project 4\codeanalyzerex\codeanalyzerex\codeanalyzerex\x64\debug\visualcodeanalyzer.exe
f:\ood projects\project 4\codeanalyzerex\codeanalyzerex\codeanalyzerex\x64\debug\visualcodeanalyzer.pdb
f:\ood projects\project 4\codeanalyzerex\codeanalyzerex\codeanalyzerex\gui\x64\debug\gui.vcxprojresolveassemblyreference.cache
f:\ood projects\project 4\codeanalyzerex\codeanalyzerex\codeanalyzerex\gui\x64\debug\vc140.pdb
f:\ood projects\project 4\codeanalyzerex\codeanalyzerex\codeanalyzerex\gui\x64\debug\visualco.27f7a59b.tlog\cl.command.1.tlog
f:\ood projects\project 4\codeanalyzerex\codeanalyzerex\codeanalyzerex\gui\x64\debug\visualco.27f7a59b.tlog\cl.read.1.tlog
f:\ood projects\project 4\codeanalyzerex\codeanalyzerex\codeanalyzerex\gui\x64\debug\visualco.27f7a59b.tlog\cl.write.1.tlog
f:\ood projects\project 4\codeanalyzerex\codeanalyzerex\codeanalyzerex\gui\x64\debug\visualco.27f7a59b.tlog\link.command.1.tlog
f:\ood projects\project 4\codeanalyzerex\codeanalyzerex\codeanalyzerex\gui\x64\debug\visualco.27f7a59b.tlog\link.read.1.tlog
f:\ood projects\project 4\codeanalyzerex\codeanalyzerex\codeanalyzerex\gui\x64\debug\visualco.27f7a59b.tlog\link.write.1.tlog
f:\ood projects\project 4\codeanalyzerex\codeanalyzerex\codeanalyzerex\gui\x64\debug\visualco.27f7a59b.tlog\metagen.read.1.tlog
f:\ood projects\project 4\codeanalyzerex\codeanalyzerex\codeanalyzerex\gui\x64\debug\visualco.27f7a59b.tlog\metagen.write.1.tlog
f:\ood projects\project 4\codeanalyzerex\codeanalyzerex\codeanalyzerex\gui\x64\debug\visualco.27f7a59b.tlog\clui.dll.bi
f:\ood projects\project 4\codeanalyzerex\codeanalyzerex\codeanalyzerex\gui\x64\debug\visualco.27f7a59b.tlog\tzres.dll.bi
