f:\oooooooood\codeanalyzerex\codeanalyzerex\codeanalyzerex\cppcli-wpf-app\x64\debug\vc140.pdb
f:\oooooooood\codeanalyzerex\codeanalyzerex\codeanalyzerex\cppcli-wpf-app\x64\debug\window.obj
f:\ood projects\project 4\codeanalyzerex\codeanalyzerex\codeanalyzerex\cppcli-wpf-app\x64\debug\vc141.pdb
f:\ood projects\project 4\codeanalyzerex\codeanalyzerex\codeanalyzerex\cppcli-wpf-app\x64\debug\window.obj
f:\ood projects\project 4\codeanalyzerex\codeanalyzerex\codeanalyzerex\cppcli-wpf-app\x64\debug\.netframework,version=v4.0.assemblyattributes.obj
f:\ood projects\project 4\codeanalyzerex\codeanalyzerex\codeanalyzerex\cppcli-wpf-app\x64\debug\.netframework,version=v4.0.assemblyattributes.asm
f:\oooooooood\codeanalyzerex\codeanalyzerex\codeanalyzerex\x64\debug\cppcli-wpf-app.exe
f:\oooooooood\codeanalyzerex\codeanalyzerex\codeanalyzerex\x64\debug\cppcli-wpf-app.pdb
f:\ood projects\project 4\codeanalyzerex\codeanalyzerex\codeanalyzerex\x64\debug\cppcli-wpf-app.exe
f:\ood projects\project 4\codeanalyzerex\codeanalyzerex\codeanalyzerex\x64\debug\cppcli-wpf-app.pdb
f:\ood projects\project 4\codeanalyzerex\codeanalyzerex\codeanalyzerex\cppcli-wpf-app\x64\debug\cppcli-wpf-app.vcxprojresolveassemblyreference.cache
f:\ood projects\project 4\codeanalyzerex\codeanalyzerex\codeanalyzerex\cppcli-wpf-app\x64\debug\vc140.pdb
f:\ood projects\project 4\codeanalyzerex\codeanalyzerex\codeanalyzerex\cppcli-wpf-app\x64\debug\cppcli-wpf-app.tlog\cl.command.1.tlog
f:\ood projects\project 4\codeanalyzerex\codeanalyzerex\codeanalyzerex\cppcli-wpf-app\x64\debug\cppcli-wpf-app.tlog\cl.read.1.tlog
f:\ood projects\project 4\codeanalyzerex\codeanalyzerex\codeanalyzerex\cppcli-wpf-app\x64\debug\cppcli-wpf-app.tlog\cl.write.1.tlog
f:\ood projects\project 4\codeanalyzerex\codeanalyzerex\codeanalyzerex\cppcli-wpf-app\x64\debug\cppcli-wpf-app.tlog\link.command.1.tlog
f:\ood projects\project 4\codeanalyzerex\codeanalyzerex\codeanalyzerex\cppcli-wpf-app\x64\debug\cppcli-wpf-app.tlog\link.read.1.tlog
f:\ood projects\project 4\codeanalyzerex\codeanalyzerex\codeanalyzerex\cppcli-wpf-app\x64\debug\cppcli-wpf-app.tlog\link.write.1.tlog
f:\ood projects\project 4\codeanalyzerex\codeanalyzerex\codeanalyzerex\cppcli-wpf-app\x64\debug\cppcli-wpf-app.tlog\metagen.read.1.tlog
f:\ood projects\project 4\codeanalyzerex\codeanalyzerex\codeanalyzerex\cppcli-wpf-app\x64\debug\cppcli-wpf-app.tlog\metagen.write.1.tlog
f:\ood projects\project 4\codeanalyzerex\codeanalyzerex\codeanalyzerex\cppcli-wpf-app\x64\debug\cppcli-wpf-app.tlog\clui.dll.bi
f:\ood projects\project 4\codeanalyzerex\codeanalyzerex\codeanalyzerex\cppcli-wpf-app\x64\debug\cppcli-wpf-app.tlog\tzres.dll.bi
