f:\oooooooood\codeanalyzerex\codeanalyzerex\codeanalyzerex\mockchannel\x64\debug\vc140.pdb
f:\oooooooood\codeanalyzerex\codeanalyzerex\codeanalyzerex\mockchannel\x64\debug\vc140.idb
f:\oooooooood\codeanalyzerex\codeanalyzerex\codeanalyzerex\mockchannel\x64\debug\cpp11-blockingqueue.obj
f:\oooooooood\codeanalyzerex\codeanalyzerex\codeanalyzerex\mockchannel\x64\debug\logger.obj
f:\oooooooood\codeanalyzerex\codeanalyzerex\codeanalyzerex\mockchannel\x64\debug\mockchannel.obj
f:\ood projects\project 4\codeanalyzerex\codeanalyzerex\codeanalyzerex\mockchannel\x64\debug\vc141.pdb
f:\ood projects\project 4\codeanalyzerex\codeanalyzerex\codeanalyzerex\mockchannel\x64\debug\vc141.idb
f:\ood projects\project 4\codeanalyzerex\codeanalyzerex\codeanalyzerex\mockchannel\x64\debug\cpp11-blockingqueue.obj
f:\ood projects\project 4\codeanalyzerex\codeanalyzerex\codeanalyzerex\mockchannel\x64\debug\logger.obj
f:\ood projects\project 4\codeanalyzerex\codeanalyzerex\codeanalyzerex\mockchannel\x64\debug\mockchannel.obj
f:\oooooooood\codeanalyzerex\codeanalyzerex\codeanalyzerex\x64\debug\mockchannel.ilk
f:\oooooooood\codeanalyzerex\codeanalyzerex\codeanalyzerex\x64\debug\mockchannel.dll
f:\oooooooood\codeanalyzerex\codeanalyzerex\codeanalyzerex\x64\debug\mockchannel.pdb
f:\ood projects\project 4\codeanalyzerex\codeanalyzerex\codeanalyzerex\x64\debug\mockchannel.ilk
f:\ood projects\project 4\codeanalyzerex\codeanalyzerex\codeanalyzerex\x64\debug\mockchannel.dll
f:\ood projects\project 4\codeanalyzerex\codeanalyzerex\codeanalyzerex\x64\debug\lnk{3fb1b1a4-4751-48e7-8c74-4e580f852e57}.tmp
f:\ood projects\project 4\codeanalyzerex\codeanalyzerex\codeanalyzerex\x64\debug\mockchannel.pdb
f:\oooooooood\codeanalyzerex\codeanalyzerex\codeanalyzerex\x64\debug\mockchannel.lib
f:\oooooooood\codeanalyzerex\codeanalyzerex\codeanalyzerex\x64\debug\mockchannel.exp
f:\ood projects\project 4\codeanalyzerex\codeanalyzerex\codeanalyzerex\x64\debug\mockchannel.lib
f:\ood projects\project 4\codeanalyzerex\codeanalyzerex\codeanalyzerex\x64\debug\mockchannel.exp
f:\ood projects\project 4\codeanalyzerex\codeanalyzerex\codeanalyzerex\mockchannel\x64\debug\vc140.idb
f:\ood projects\project 4\codeanalyzerex\codeanalyzerex\codeanalyzerex\mockchannel\x64\debug\vc140.pdb
f:\ood projects\project 4\codeanalyzerex\codeanalyzerex\codeanalyzerex\mockchannel\x64\debug\mockchannel.tlog\cl.command.1.tlog
f:\ood projects\project 4\codeanalyzerex\codeanalyzerex\codeanalyzerex\mockchannel\x64\debug\mockchannel.tlog\cl.read.1.tlog
f:\ood projects\project 4\codeanalyzerex\codeanalyzerex\codeanalyzerex\mockchannel\x64\debug\mockchannel.tlog\cl.write.1.tlog
f:\ood projects\project 4\codeanalyzerex\codeanalyzerex\codeanalyzerex\mockchannel\x64\debug\mockchannel.tlog\link.command.1.tlog
f:\ood projects\project 4\codeanalyzerex\codeanalyzerex\codeanalyzerex\mockchannel\x64\debug\mockchannel.tlog\link.delete.1.tlog
f:\ood projects\project 4\codeanalyzerex\codeanalyzerex\codeanalyzerex\mockchannel\x64\debug\mockchannel.tlog\link.read.1.tlog
f:\ood projects\project 4\codeanalyzerex\codeanalyzerex\codeanalyzerex\mockchannel\x64\debug\mockchannel.tlog\link.write.1.tlog
f:\ood projects\project 4\codeanalyzerex\codeanalyzerex\codeanalyzerex\mockchannel\x64\debug\mockchannel.tlog\mockchannel.write.1u.tlog
