f:\oooooooood\codeanalyzerex\codeanalyzerex\codeanalyzerex\parser\x64\debug\vc140.pdb
f:\oooooooood\codeanalyzerex\codeanalyzerex\codeanalyzerex\parser\x64\debug\vc140.idb
f:\oooooooood\codeanalyzerex\codeanalyzerex\codeanalyzerex\parser\x64\debug\abstrsyntree.obj
f:\oooooooood\codeanalyzerex\codeanalyzerex\codeanalyzerex\parser\x64\debug\filesystem.obj
f:\oooooooood\codeanalyzerex\codeanalyzerex\codeanalyzerex\parser\x64\debug\grammarhelpers.obj
f:\oooooooood\codeanalyzerex\codeanalyzerex\codeanalyzerex\parser\x64\debug\logger.obj
f:\oooooooood\codeanalyzerex\codeanalyzerex\codeanalyzerex\parser\x64\debug\scopestack.obj
f:\oooooooood\codeanalyzerex\codeanalyzerex\codeanalyzerex\parser\x64\debug\semiexp.obj
f:\oooooooood\codeanalyzerex\codeanalyzerex\codeanalyzerex\parser\x64\debug\tokenizer.obj
f:\oooooooood\codeanalyzerex\codeanalyzerex\codeanalyzerex\parser\x64\debug\utilities.obj
f:\oooooooood\codeanalyzerex\codeanalyzerex\codeanalyzerex\parser\x64\debug\actionsandrules.obj
f:\oooooooood\codeanalyzerex\codeanalyzerex\codeanalyzerex\parser\x64\debug\configureparser.obj
f:\oooooooood\codeanalyzerex\codeanalyzerex\codeanalyzerex\parser\x64\debug\parser.obj
f:\ood projects\project 4\codeanalyzerex\codeanalyzerex\codeanalyzerex\parser\x64\debug\vc141.pdb
f:\ood projects\project 4\codeanalyzerex\codeanalyzerex\codeanalyzerex\parser\x64\debug\vc141.idb
f:\ood projects\project 4\codeanalyzerex\codeanalyzerex\codeanalyzerex\parser\x64\debug\abstrsyntree.obj
f:\ood projects\project 4\codeanalyzerex\codeanalyzerex\codeanalyzerex\parser\x64\debug\filesystem.obj
f:\ood projects\project 4\codeanalyzerex\codeanalyzerex\codeanalyzerex\parser\x64\debug\grammarhelpers.obj
f:\ood projects\project 4\codeanalyzerex\codeanalyzerex\codeanalyzerex\parser\x64\debug\logger.obj
f:\ood projects\project 4\codeanalyzerex\codeanalyzerex\codeanalyzerex\parser\x64\debug\scopestack.obj
f:\ood projects\project 4\codeanalyzerex\codeanalyzerex\codeanalyzerex\parser\x64\debug\semiexp.obj
f:\ood projects\project 4\codeanalyzerex\codeanalyzerex\codeanalyzerex\parser\x64\debug\tokenizer.obj
f:\ood projects\project 4\codeanalyzerex\codeanalyzerex\codeanalyzerex\parser\x64\debug\utilities.obj
f:\ood projects\project 4\codeanalyzerex\codeanalyzerex\codeanalyzerex\parser\x64\debug\actionsandrules.obj
f:\ood projects\project 4\codeanalyzerex\codeanalyzerex\codeanalyzerex\parser\x64\debug\configureparser.obj
f:\ood projects\project 4\codeanalyzerex\codeanalyzerex\codeanalyzerex\parser\x64\debug\parser.obj
f:\oooooooood\codeanalyzerex\codeanalyzerex\codeanalyzerex\x64\debug\parser.ilk
f:\oooooooood\codeanalyzerex\codeanalyzerex\codeanalyzerex\x64\debug\parser.exe
f:\oooooooood\codeanalyzerex\codeanalyzerex\codeanalyzerex\x64\debug\parser.pdb
f:\ood projects\project 4\codeanalyzerex\codeanalyzerex\codeanalyzerex\x64\debug\parser.ilk
f:\ood projects\project 4\codeanalyzerex\codeanalyzerex\codeanalyzerex\x64\debug\parser.exe
f:\ood projects\project 4\codeanalyzerex\codeanalyzerex\codeanalyzerex\x64\debug\lnk{74e83dc9-9884-4902-a5db-5c5f9fad0c85}.tmp
f:\ood projects\project 4\codeanalyzerex\codeanalyzerex\codeanalyzerex\x64\debug\parser.pdb
f:\ood projects\project 4\codeanalyzerex\codeanalyzerex\codeanalyzerex\parser\x64\debug\vc140.idb
f:\ood projects\project 4\codeanalyzerex\codeanalyzerex\codeanalyzerex\parser\x64\debug\vc140.pdb
f:\ood projects\project 4\codeanalyzerex\codeanalyzerex\codeanalyzerex\parser\x64\debug\parser.tlog\cl.command.1.tlog
f:\ood projects\project 4\codeanalyzerex\codeanalyzerex\codeanalyzerex\parser\x64\debug\parser.tlog\cl.read.1.tlog
f:\ood projects\project 4\codeanalyzerex\codeanalyzerex\codeanalyzerex\parser\x64\debug\parser.tlog\cl.write.1.tlog
f:\ood projects\project 4\codeanalyzerex\codeanalyzerex\codeanalyzerex\parser\x64\debug\parser.tlog\link.command.1.tlog
f:\ood projects\project 4\codeanalyzerex\codeanalyzerex\codeanalyzerex\parser\x64\debug\parser.tlog\link.delete.1.tlog
f:\ood projects\project 4\codeanalyzerex\codeanalyzerex\codeanalyzerex\parser\x64\debug\parser.tlog\link.read.1.tlog
f:\ood projects\project 4\codeanalyzerex\codeanalyzerex\codeanalyzerex\parser\x64\debug\parser.tlog\link.write.1.tlog
