f:\oooooooood\codeanalyzerex\codeanalyzerex\codeanalyzerex\xmldocument\xmldocument\x64\debug\xmldocument.pdb
f:\oooooooood\codeanalyzerex\codeanalyzerex\codeanalyzerex\xmldocument\xmldocument\x64\debug\xmldocument.idb
f:\oooooooood\codeanalyzerex\codeanalyzerex\codeanalyzerex\xmldocument\xmldocument\x64\debug\tokenizer.obj
f:\oooooooood\codeanalyzerex\codeanalyzerex\codeanalyzerex\xmldocument\xmldocument\x64\debug\xmlelementparts.obj
f:\oooooooood\codeanalyzerex\codeanalyzerex\codeanalyzerex\xmldocument\xmldocument\x64\debug\xmlelement.obj
f:\oooooooood\codeanalyzerex\codeanalyzerex\codeanalyzerex\xmldocument\xmldocument\x64\debug\xmlparser.obj
f:\oooooooood\codeanalyzerex\codeanalyzerex\codeanalyzerex\xmldocument\xmldocument\x64\debug\xmldocument.obj
f:\ood projects\project 4\codeanalyzerex\codeanalyzerex\codeanalyzerex\xmldocument\xmldocument\x64\debug\xmldocument.pdb
f:\ood projects\project 4\codeanalyzerex\codeanalyzerex\codeanalyzerex\xmldocument\xmldocument\x64\debug\xmldocument.idb
f:\ood projects\project 4\codeanalyzerex\codeanalyzerex\codeanalyzerex\xmldocument\xmldocument\x64\debug\tokenizer.obj
f:\ood projects\project 4\codeanalyzerex\codeanalyzerex\codeanalyzerex\xmldocument\xmldocument\x64\debug\xmlelementparts.obj
f:\ood projects\project 4\codeanalyzerex\codeanalyzerex\codeanalyzerex\xmldocument\xmldocument\x64\debug\xmlelement.obj
f:\ood projects\project 4\codeanalyzerex\codeanalyzerex\codeanalyzerex\xmldocument\xmldocument\x64\debug\xmlparser.obj
f:\ood projects\project 4\codeanalyzerex\codeanalyzerex\codeanalyzerex\xmldocument\xmldocument\x64\debug\xmldocument.obj
f:\oooooooood\codeanalyzerex\codeanalyzerex\codeanalyzerex\x64\debug\xmldocument.lib
f:\ood projects\project 4\codeanalyzerex\codeanalyzerex\codeanalyzerex\x64\debug\xmldocument.lib
f:\ood projects\project 4\codeanalyzerex\codeanalyzerex\codeanalyzerex\x64\debug\xmldocument.pdb
f:\ood projects\project 4\codeanalyzerex\codeanalyzerex\codeanalyzerex\xmldocument\xmldocument\x64\debug\xmldocument.tlog\cl.command.1.tlog
f:\ood projects\project 4\codeanalyzerex\codeanalyzerex\codeanalyzerex\xmldocument\xmldocument\x64\debug\xmldocument.tlog\cl.read.1.tlog
f:\ood projects\project 4\codeanalyzerex\codeanalyzerex\codeanalyzerex\xmldocument\xmldocument\x64\debug\xmldocument.tlog\cl.write.1.tlog
f:\ood projects\project 4\codeanalyzerex\codeanalyzerex\codeanalyzerex\xmldocument\xmldocument\x64\debug\xmldocument.tlog\lib-link.read.1.tlog
f:\ood projects\project 4\codeanalyzerex\codeanalyzerex\codeanalyzerex\xmldocument\xmldocument\x64\debug\xmldocument.tlog\lib-link.write.1.tlog
f:\ood projects\project 4\codeanalyzerex\codeanalyzerex\codeanalyzerex\xmldocument\xmldocument\x64\debug\xmldocument.tlog\lib.command.1.tlog
