f:\oooooooood\codeanalyzerex\codeanalyzerex\codeanalyzerex\cpp11-blockingqueue\x64\debug\vc140.pdb
f:\oooooooood\codeanalyzerex\codeanalyzerex\codeanalyzerex\cpp11-blockingqueue\x64\debug\vc140.idb
f:\oooooooood\codeanalyzerex\codeanalyzerex\codeanalyzerex\cpp11-blockingqueue\x64\debug\cpp11-blockingqueue.obj
f:\ood projects\project 4\codeanalyzerex\codeanalyzerex\codeanalyzerex\cpp11-blockingqueue\x64\debug\vc141.pdb
f:\ood projects\project 4\codeanalyzerex\codeanalyzerex\codeanalyzerex\cpp11-blockingqueue\x64\debug\vc141.idb
f:\ood projects\project 4\codeanalyzerex\codeanalyzerex\codeanalyzerex\cpp11-blockingqueue\x64\debug\cpp11-blockingqueue.obj
f:\oooooooood\codeanalyzerex\codeanalyzerex\codeanalyzerex\x64\debug\cpp11-blockingqueue.ilk
f:\oooooooood\codeanalyzerex\codeanalyzerex\codeanalyzerex\x64\debug\cpp11-blockingqueue.exe
f:\oooooooood\codeanalyzerex\codeanalyzerex\codeanalyzerex\x64\debug\cpp11-blockingqueue.pdb
f:\ood projects\project 4\codeanalyzerex\codeanalyzerex\codeanalyzerex\x64\debug\cpp11-blockingqueue.ilk
f:\ood projects\project 4\codeanalyzerex\codeanalyzerex\codeanalyzerex\x64\debug\cpp11-blockingqueue.exe
f:\ood projects\project 4\codeanalyzerex\codeanalyzerex\codeanalyzerex\x64\debug\lnk{70901ec4-1251-4935-bf3b-d2a8874c0332}.tmp
f:\ood projects\project 4\codeanalyzerex\codeanalyzerex\codeanalyzerex\x64\debug\cpp11-blockingqueue.pdb
f:\ood projects\project 4\codeanalyzerex\codeanalyzerex\codeanalyzerex\cpp11-blockingqueue\x64\debug\vc140.idb
f:\ood projects\project 4\codeanalyzerex\codeanalyzerex\codeanalyzerex\cpp11-blockingqueue\x64\debug\vc140.pdb
f:\ood projects\project 4\codeanalyzerex\codeanalyzerex\codeanalyzerex\cpp11-blockingqueue\x64\debug\cpp11-bl.9efc55b0.tlog\cl.command.1.tlog
f:\ood projects\project 4\codeanalyzerex\codeanalyzerex\codeanalyzerex\cpp11-blockingqueue\x64\debug\cpp11-bl.9efc55b0.tlog\cl.read.1.tlog
f:\ood projects\project 4\codeanalyzerex\codeanalyzerex\codeanalyzerex\cpp11-blockingqueue\x64\debug\cpp11-bl.9efc55b0.tlog\cl.write.1.tlog
f:\ood projects\project 4\codeanalyzerex\codeanalyzerex\codeanalyzerex\cpp11-blockingqueue\x64\debug\cpp11-bl.9efc55b0.tlog\link.command.1.tlog
f:\ood projects\project 4\codeanalyzerex\codeanalyzerex\codeanalyzerex\cpp11-blockingqueue\x64\debug\cpp11-bl.9efc55b0.tlog\link.delete.1.tlog
f:\ood projects\project 4\codeanalyzerex\codeanalyzerex\codeanalyzerex\cpp11-blockingqueue\x64\debug\cpp11-bl.9efc55b0.tlog\link.read.1.tlog
f:\ood projects\project 4\codeanalyzerex\codeanalyzerex\codeanalyzerex\cpp11-blockingqueue\x64\debug\cpp11-bl.9efc55b0.tlog\link.write.1.tlog
