f:\oooooooood\codeanalyzerex\codeanalyzerex\codeanalyzerex\semiexp\x64\debug\vc140.pdb
f:\oooooooood\codeanalyzerex\codeanalyzerex\codeanalyzerex\semiexp\x64\debug\vc140.idb
f:\oooooooood\codeanalyzerex\codeanalyzerex\codeanalyzerex\semiexp\x64\debug\tokenizer.obj
f:\oooooooood\codeanalyzerex\codeanalyzerex\codeanalyzerex\semiexp\x64\debug\utilities.obj
f:\oooooooood\codeanalyzerex\codeanalyzerex\codeanalyzerex\semiexp\x64\debug\semiexp.obj
f:\ood projects\project 4\codeanalyzerex\codeanalyzerex\codeanalyzerex\semiexp\x64\debug\vc141.pdb
f:\ood projects\project 4\codeanalyzerex\codeanalyzerex\codeanalyzerex\semiexp\x64\debug\vc141.idb
f:\ood projects\project 4\codeanalyzerex\codeanalyzerex\codeanalyzerex\semiexp\x64\debug\tokenizer.obj
f:\ood projects\project 4\codeanalyzerex\codeanalyzerex\codeanalyzerex\semiexp\x64\debug\utilities.obj
f:\ood projects\project 4\codeanalyzerex\codeanalyzerex\codeanalyzerex\semiexp\x64\debug\semiexp.obj
f:\oooooooood\codeanalyzerex\codeanalyzerex\codeanalyzerex\x64\debug\semiexp.ilk
f:\oooooooood\codeanalyzerex\codeanalyzerex\codeanalyzerex\x64\debug\semiexp.exe
f:\oooooooood\codeanalyzerex\codeanalyzerex\codeanalyzerex\x64\debug\semiexp.pdb
f:\ood projects\project 4\codeanalyzerex\codeanalyzerex\codeanalyzerex\x64\debug\semiexp.ilk
f:\ood projects\project 4\codeanalyzerex\codeanalyzerex\codeanalyzerex\x64\debug\semiexp.exe
f:\ood projects\project 4\codeanalyzerex\codeanalyzerex\codeanalyzerex\x64\debug\lnk{c83edb66-1994-4cfd-a474-24a3837f64cf}.tmp
f:\ood projects\project 4\codeanalyzerex\codeanalyzerex\codeanalyzerex\x64\debug\semiexp.pdb
f:\ood projects\project 4\codeanalyzerex\codeanalyzerex\codeanalyzerex\semiexp\x64\debug\vc140.idb
f:\ood projects\project 4\codeanalyzerex\codeanalyzerex\codeanalyzerex\semiexp\x64\debug\vc140.pdb
f:\ood projects\project 4\codeanalyzerex\codeanalyzerex\codeanalyzerex\semiexp\x64\debug\semiexp.tlog\cl.command.1.tlog
f:\ood projects\project 4\codeanalyzerex\codeanalyzerex\codeanalyzerex\semiexp\x64\debug\semiexp.tlog\cl.read.1.tlog
f:\ood projects\project 4\codeanalyzerex\codeanalyzerex\codeanalyzerex\semiexp\x64\debug\semiexp.tlog\cl.write.1.tlog
f:\ood projects\project 4\codeanalyzerex\codeanalyzerex\codeanalyzerex\semiexp\x64\debug\semiexp.tlog\link.command.1.tlog
f:\ood projects\project 4\codeanalyzerex\codeanalyzerex\codeanalyzerex\semiexp\x64\debug\semiexp.tlog\link.delete.1.tlog
f:\ood projects\project 4\codeanalyzerex\codeanalyzerex\codeanalyzerex\semiexp\x64\debug\semiexp.tlog\link.read.1.tlog
f:\ood projects\project 4\codeanalyzerex\codeanalyzerex\codeanalyzerex\semiexp\x64\debug\semiexp.tlog\link.write.1.tlog
