f:\oooooooood\codeanalyzerex\codeanalyzerex\codeanalyzerex\tokenizer\debug\vc140.pdb
f:\oooooooood\codeanalyzerex\codeanalyzerex\codeanalyzerex\tokenizer\debug\vc140.idb
f:\oooooooood\codeanalyzerex\codeanalyzerex\codeanalyzerex\tokenizer\debug\utilities.obj
f:\oooooooood\codeanalyzerex\codeanalyzerex\codeanalyzerex\tokenizer\debug\tokenizer.obj
f:\ood projects\project 4\codeanalyzerex\codeanalyzerex\codeanalyzerex\tokenizer\debug\vc141.pdb
f:\ood projects\project 4\codeanalyzerex\codeanalyzerex\codeanalyzerex\tokenizer\debug\vc141.idb
f:\ood projects\project 4\codeanalyzerex\codeanalyzerex\codeanalyzerex\tokenizer\debug\utilities.obj
f:\ood projects\project 4\codeanalyzerex\codeanalyzerex\codeanalyzerex\tokenizer\debug\tokenizer.obj
f:\oooooooood\codeanalyzerex\codeanalyzerex\codeanalyzerex\debug\tokenizer.ilk
f:\oooooooood\codeanalyzerex\codeanalyzerex\codeanalyzerex\debug\tokenizer.exe
f:\oooooooood\codeanalyzerex\codeanalyzerex\codeanalyzerex\debug\tokenizer.pdb
f:\ood projects\project 4\codeanalyzerex\codeanalyzerex\codeanalyzerex\debug\tokenizer.ilk
f:\ood projects\project 4\codeanalyzerex\codeanalyzerex\codeanalyzerex\debug\tokenizer.exe
f:\ood projects\project 4\codeanalyzerex\codeanalyzerex\codeanalyzerex\debug\lnk{df617424-2a8e-45f5-9ac2-f8d321910604}.tmp
f:\ood projects\project 4\codeanalyzerex\codeanalyzerex\codeanalyzerex\debug\tokenizer.pdb
f:\ood projects\project 4\codeanalyzerex\codeanalyzerex\codeanalyzerex\tokenizer\debug\vc140.idb
f:\ood projects\project 4\codeanalyzerex\codeanalyzerex\codeanalyzerex\tokenizer\debug\vc140.pdb
f:\ood projects\project 4\codeanalyzerex\codeanalyzerex\codeanalyzerex\tokenizer\debug\tokenizer.tlog\cl.command.1.tlog
f:\ood projects\project 4\codeanalyzerex\codeanalyzerex\codeanalyzerex\tokenizer\debug\tokenizer.tlog\cl.read.1.tlog
f:\ood projects\project 4\codeanalyzerex\codeanalyzerex\codeanalyzerex\tokenizer\debug\tokenizer.tlog\cl.write.1.tlog
f:\ood projects\project 4\codeanalyzerex\codeanalyzerex\codeanalyzerex\tokenizer\debug\tokenizer.tlog\link.command.1.tlog
f:\ood projects\project 4\codeanalyzerex\codeanalyzerex\codeanalyzerex\tokenizer\debug\tokenizer.tlog\link.delete.1.tlog
f:\ood projects\project 4\codeanalyzerex\codeanalyzerex\codeanalyzerex\tokenizer\debug\tokenizer.tlog\link.read.1.tlog
f:\ood projects\project 4\codeanalyzerex\codeanalyzerex\codeanalyzerex\tokenizer\debug\tokenizer.tlog\link.write.1.tlog
